<?xml version="1.0" encoding="UTF-8"?>
<!-- Generated by org.testng.reporters.JUnitXMLReporter -->
<testsuite ignored="0" hostname="DESKTOP-HU3IM2H" failures="0" tests="4" name="Test" time="33.094" errors="0" timestamp="2021-07-30T22:10:44 IST">
  <testcase classname="Academy.ValidateNavigationBar" name="basePageNavigation" time="0.222"/>
  <testcase classname="Academy.ValidateTitle" name="basePageNavigation" time="0.104"/>
  <testcase classname="Academy.HomePage" name="basePageNavigation" time="9.857"/>
  <testcase classname="Academy.HomePage" name="basePageNavigation" time="8.131"/>
</testsuite> <!-- Test -->
