<?xml version="1.0" encoding="UTF-8"?>
<!-- Generated by org.testng.reporters.JUnitXMLReporter -->
<testsuite hostname="DESKTOP-HU3IM2H" ignored="0" name="Valiate title" tests="2" failures="1" timestamp="2021-07-31T20:04:06 IST" time="14.95" errors="0">
  <testcase name="validateAppTitle" time="0.24" classname="Academy.ValidateTitle">
    <failure type="java.lang.AssertionError" message="expected [FEATURED COURSES123] but found [FEATURED COURSES]">
      <![CDATA[java.lang.AssertionError: expected [FEATURED COURSES123] but found [FEATURED COURSES]
at Academy.ValidateTitle.validateAppTitle(ValidateTitle.java:33)
at java.util.ArrayList.forEach(ArrayList.java:1259)
at java.util.concurrent.FutureTask.run(FutureTask.java:266)
at java.util.concurrent.ThreadPoolExecutor.runWorker(ThreadPoolExecutor.java:1149)
at java.util.concurrent.ThreadPoolExecutor$Worker.run(ThreadPoolExecutor.java:624)
at java.lang.Thread.run(Thread.java:748)
... Removed 24 stack frames]]>
    </failure>
  </testcase> <!-- validateAppTitle -->
  <testcase name="validateHeader" time="0.163" classname="Academy.ValidateTitle"/>
</testsuite> <!-- Valiate title -->
